<?xml version="1.0" encoding="UTF-8"?>
<testng-results ignored="0" total="1" passed="1" failed="0" skipped="0">
  <reporter-output>
  </reporter-output>
  <suite started-at="2023-08-02T11:02:31 EDT" name="Default suite" finished-at="2023-08-02T11:02:34 EDT" duration-ms="2918">
    <groups>
    </groups>
    <test started-at="2023-08-02T11:02:31 EDT" name="Default test" finished-at="2023-08-02T11:02:34 EDT" duration-ms="2918">
      <class name="getuser.Endpoints$Tests">
        <test-method signature="testgetuser()[pri:0, instance:getuser.Endpoints$Tests@c8c12ac]" started-at="2023-08-02T11:02:31 EDT" name="testgetuser" finished-at="2023-08-02T11:02:34 EDT" duration-ms="2850" status="PASS">
          <reporter-output>
          </reporter-output>
        </test-method> <!-- testgetuser -->
      </class> <!-- getuser.Endpoints$Tests -->
    </test> <!-- Default test -->
  </suite> <!-- Default suite -->
</testng-results>
